[inst #1] addi $1,$0,1
Register Write to Reg: 0x01 Val: 0x00000001
[inst #2] addi $2,$0,2
Register Write to Reg: 0x02 Val: 0x00000002
[inst #3] addi $3,$0,3
Register Write to Reg: 0x03 Val: 0x00000003
[inst #4] addi $4,$0,4
Register Write to Reg: 0x04 Val: 0x00000004
[inst #5] addi $5,$0,5
Register Write to Reg: 0x05 Val: 0x00000005
[inst #6] addi $6,$0,6
Register Write to Reg: 0x06 Val: 0x00000006
[inst #7] addi $7,$0,7
Register Write to Reg: 0x07 Val: 0x00000007
[inst #8] addi $8,$0,8
Register Write to Reg: 0x08 Val: 0x00000008
[inst #9] addi $9,$0,9
Register Write to Reg: 0x09 Val: 0x00000009
[inst #10] lui $10,4097
Register Write to Reg: 0x0A Val: 0x10010000
[inst #11] sw $1,0($10)
Memory Write to Addr: 0x10010000 Val: 0x00000001
[inst #12] sw $2,4($10)
Memory Write to Addr: 0x10010004 Val: 0x00000002
[inst #13] sw $3,8($10)
Memory Write to Addr: 0x10010008 Val: 0x00000003
[inst #14] sw $4,12($10)
Memory Write to Addr: 0x1001000C Val: 0x00000004
[inst #15] sw $5,16($10)
Memory Write to Addr: 0x10010010 Val: 0x00000005
[inst #16] sw $6,20($10)
Memory Write to Addr: 0x10010014 Val: 0x00000006
[inst #17] sw $7,24($10)
Memory Write to Addr: 0x10010018 Val: 0x00000007
[inst #18] sw $8,28($10)
Memory Write to Addr: 0x1001001C Val: 0x00000008
[inst #19] sw $9,32($10)
Memory Write to Addr: 0x10010020 Val: 0x00000009
[inst #20] sw $10,36($10)
Memory Write to Addr: 0x10010024 Val: 0x10010000
[inst #21] lw $11,0($10)
Register Write to Reg: 0x0B Val: 0x00000001
[inst #22] add $11,$1,$2
Register Write to Reg: 0x0B Val: 0x00000003
[inst #23] addiu $12,$5,10
Register Write to Reg: 0x0C Val: 0x0000000F
[inst #24] addu $13,$4,$5
Register Write to Reg: 0x0D Val: 0x00000009
[inst #25] and $14,$7,$7
Register Write to Reg: 0x0E Val: 0x00000007
[inst #26] andi $15,$9,120
Register Write to Reg: 0x0F Val: 0x00000008
[inst #27] lui $10,4097
Register Write to Reg: 0x0A Val: 0x10010000
[inst #28] sll $0,$0,0
Register Write to Reg: 0x00 Val: 0x00000000
[inst #29] sll $0,$0,0
Register Write to Reg: 0x00 Val: 0x00000000
[inst #30] sll $0,$0,0
Register Write to Reg: 0x00 Val: 0x00000000
[inst #31] addi $2,$0,10
Register Write to Reg: 0x02 Val: 0x0000000A
[inst #32] nor $16,$1,$5
Register Write to Reg: 0x10 Val: 0xFFFFFFFA
[inst #33] xor $17,$11,$1
Register Write to Reg: 0x11 Val: 0x00000002
[inst #34] xori $18,$4,8
Register Write to Reg: 0x12 Val: 0x0000000C
[inst #35] or $19,$5,$4
Register Write to Reg: 0x13 Val: 0x00000005
[inst #36] ori $20,$1,256
Register Write to Reg: 0x14 Val: 0x00000101
[inst #37] slt $21,$4,$5
Register Write to Reg: 0x15 Val: 0x00000001
[inst #38] slti $22,$10,250
Register Write to Reg: 0x16 Val: 0x00000000
[inst #39] sltiu $23,$7,3
Register Write to Reg: 0x17 Val: 0x00000000
[inst #40] sltu $24,$5,$2
Register Write to Reg: 0x18 Val: 0x00000001
[inst #41] sll $25,$5,5
Register Write to Reg: 0x19 Val: 0x000000A0
[inst #42] srl $26,$6,3
Register Write to Reg: 0x1A Val: 0x00000000
[inst #43] sra $27,$3,5
Register Write to Reg: 0x1B Val: 0x00000000
[inst #44] sllv $28,$10,$2
Register Write to Reg: 0x1C Val: 0x04000000
[inst #45] srlv $29,$9,$3
Register Write to Reg: 0x1D Val: 0x00000001
[inst #46] srav $30,$5,$3
Register Write to Reg: 0x1E Val: 0x00000000
[inst #47] sub $31,$19,$5
Register Write to Reg: 0x1F Val: 0x00000000
[inst #48] subu $20,$10,$3
Register Write to Reg: 0x14 Val: 0x1000FFFD
[inst #49] beq $0,$0,2
[inst #50] addi $4,$0,19
Register Write to Reg: 0x04 Val: 0x00000013
[inst #51] addi $2,$0,1
Register Write to Reg: 0x02 Val: 0x00000001
[inst #52] syscall 
19[inst #53] bne $2,$3,2
[inst #54] addi $4,$0,24
Register Write to Reg: 0x04 Val: 0x00000018
[inst #55] addi $2,$0,1
Register Write to Reg: 0x02 Val: 0x00000001
[inst #56] syscall 
24[inst #57] sll $0,$0,0
Register Write to Reg: 0x00 Val: 0x00000000
[inst #58] jal 4194576
Register Write to Reg: 0x1F Val: 0x004000F8
[inst #59] addi $8,$0,15
Register Write to Reg: 0x08 Val: 0x0000000F
[inst #60] addi $2,$0,35
Register Write to Reg: 0x02 Val: 0x00000023
[inst #61] syscall 
00000000000000000000000000011000[inst #62] jr $31
[inst #63] sll $0,$0,0
Register Write to Reg: 0x00 Val: 0x00000000
[inst #64] sll $0,$0,0
Register Write to Reg: 0x00 Val: 0x00000000
[inst #65] sll $0,$0,0
Register Write to Reg: 0x00 Val: 0x00000000
[inst #66] sll $0,$0,0
Register Write to Reg: 0x00 Val: 0x00000000
[inst #67] j 4194596
[inst #68] addi $2,$0,10
Register Write to Reg: 0x02 Val: 0x0000000A
[inst #69] syscall 

