In clock cycle: 4
Register Write to Reg: 0x00 Val: 0x00000000
In clock cycle: 5
Register Write to Reg: 0x01 Val: 0x00000001
In clock cycle: 6
Register Write to Reg: 0x02 Val: 0x00000002
In clock cycle: 7
Register Write to Reg: 0x03 Val: 0x00000003
In clock cycle: 8
Register Write to Reg: 0x04 Val: 0x00000004
In clock cycle: 9
Register Write to Reg: 0x05 Val: 0x00000005
In clock cycle: 10
Register Write to Reg: 0x06 Val: 0x00000006
In clock cycle: 11
Register Write to Reg: 0x07 Val: 0x00000007
In clock cycle: 12
Register Write to Reg: 0x08 Val: 0x00000008
In clock cycle: 13
Register Write to Reg: 0x09 Val: 0x00000009
In clock cycle: 14
Register Write to Reg: 0x0A Val: 0x10010000
In clock cycle: 14
Memory Write to Addr: 0x00000000 Val: 0x00000000
In clock cycle: 15
Memory Write to Addr: 0x10010004 Val: 0x00000001
In clock cycle: 16
Memory Write to Addr: 0x10010008 Val: 0x00000002
In clock cycle: 17
Memory Write to Addr: 0x0000000C Val: 0x00000003
In clock cycle: 18
Memory Write to Addr: 0x10010010 Val: 0x00000004
In clock cycle: 19
Memory Write to Addr: 0x10010014 Val: 0x00000005
In clock cycle: 20
Memory Write to Addr: 0x10010018 Val: 0x00000006
In clock cycle: 21
Memory Write to Addr: 0x1001001C Val: 0x00000007
In clock cycle: 22
Memory Write to Addr: 0x10010020 Val: 0x00000008
In clock cycle: 23
Memory Write to Addr: 0x10010024 Val: 0x00000009
In clock cycle: 25
Register Write to Reg: 0x0B Val: 0x00000000
In clock cycle: 26
Register Write to Reg: 0x0B Val: 0x10010000
In clock cycle: 27
Register Write to Reg: 0x0C Val: 0x0000000B
In clock cycle: 28
Register Write to Reg: 0x0D Val: 0x00000005
In clock cycle: 29
Register Write to Reg: 0x0E Val: 0x00000004
In clock cycle: 30
Register Write to Reg: 0x0F Val: 0x00000000
In clock cycle: 31
Register Write to Reg: 0x0A Val: 0x10010009
In clock cycle: 32
Register Write to Reg: 0x00 Val: 0x00000000
In clock cycle: 33
Register Write to Reg: 0x00 Val: 0x00000000
In clock cycle: 34
Register Write to Reg: 0x00 Val: 0x00000000
In clock cycle: 35
Register Write to Reg: 0x02 Val: 0x0000000A
In clock cycle: 36
Register Write to Reg: 0x10 Val: 0xFFFFFFFF
In clock cycle: 37
Register Write to Reg: 0x11 Val: 0x00000004
In clock cycle: 38
Register Write to Reg: 0x12 Val: 0x10010008
In clock cycle: 39
Register Write to Reg: 0x13 Val: 0x00000004
In clock cycle: 40
Register Write to Reg: 0x14 Val: 0x00000105
In clock cycle: 41
Register Write to Reg: 0x15 Val: 0x00000000
In clock cycle: 42
Register Write to Reg: 0x16 Val: 0x00000001
In clock cycle: 43
Register Write to Reg: 0x17 Val: 0x00000000
In clock cycle: 44
Register Write to Reg: 0x18 Val: 0x00000000
In clock cycle: 45
Register Write to Reg: 0x19 Val: 0x000000A0
In clock cycle: 46
Register Write to Reg: 0x1A Val: 0x00000000
In clock cycle: 47
Register Write to Reg: 0x1B Val: 0x00000000
In clock cycle: 48
Register Write to Reg: 0x1C Val: 0x00000C00
In clock cycle: 49
Register Write to Reg: 0x1D Val: 0x02002001
In clock cycle: 50
Register Write to Reg: 0x1E Val: 0x00000001
In clock cycle: 51
Register Write to Reg: 0x1F Val: 0x00000002
In clock cycle: 52
Register Write to Reg: 0x14 Val: 0xFFFFFFFF
In clock cycle: 54
Register Write to Reg: 0x00 Val: 0x00000000
In clock cycle: 55
Register Write to Reg: 0x04 Val: 0x00000013
In clock cycle: 56
Register Write to Reg: 0x02 Val: 0x00000001
In clock cycle: 60
Register Write to Reg: 0x00 Val: 0x0000000A
In clock cycle: 61
Register Write to Reg: 0x04 Val: 0x00000018
In clock cycle: 62
Register Write to Reg: 0x02 Val: 0x00000001
In clock cycle: 64
Register Write to Reg: 0x00 Val: 0x00000000
In clock cycle: 65
Register Write to Reg: 0x1F Val: 0x004000F8
In clock cycle: 66
Register Write to Reg: 0x00 Val: 0xFFFFFFFF
In clock cycle: 67
Register Write to Reg: 0x08 Val: 0x0000000F
In clock cycle: 68
Register Write to Reg: 0x02 Val: 0x00000023
In clock cycle: 71
Register Write to Reg: 0x00 Val: 0x004000F8
In clock cycle: 72
Register Write to Reg: 0x00 Val: 0x00000000
In clock cycle: 73
Register Write to Reg: 0x00 Val: 0x00000000
In clock cycle: 74
Register Write to Reg: 0x00 Val: 0x00000000
In clock cycle: 75
Register Write to Reg: 0x00 Val: 0x00000000
In clock cycle: 77
Register Write to Reg: 0x00 Val: 0xFFFFFFFF
In clock cycle: 78
Register Write to Reg: 0x02 Val: 0x0000000A
Execution is stopping!
